<?xml version="1.0" encoding="utf-8"?><testsuites><testsuite name="pytest" errors="0" failures="0" skipped="0" tests="8" time="1.052" timestamp="2024-12-16T21:40:46.804552+01:00" hostname="Twelve"><testcase classname="test_table_color" name="test_name_not_empty" time="0.016" /><testcase classname="test_table_color" name="test_multiple_records_present" time="0.016" /><testcase classname="test_table_color" name="test_name_is_unique" time="0.019" /><testcase classname="test_table_color" name="test_id_is_unique" time="0.032" /><testcase classname="test_table_shirt" name="test_records_present" time="0.015" /><testcase classname="test_table_shirt" name="test_id_is_unique" time="0.018" /><testcase classname="test_table_shirt" name="test_size_within_range" time="0.030" /><testcase classname="test_table_shirt" name="test_color_reference_is_valid" time="0.014" /></testsuite></testsuites>